[2018-09-05 03:02:41] books-microservice.INFO: Book Created! {"id":null,"name":"Livro Excel","author":"Fulando"} []
[2018-09-05 00:11:58] books-microservice.INFO: Book Created! {"id":null,"name":"Livro Excel 2","author":"Fulando"} []
[2018-09-05 00:13:37] books-microservice.INFO: Book Created! {"id":null,"name":"Livro PHP","author":"Ciclano"} []
[2018-09-05 00:15:53] books-microservice.INFO: Book Created! {"id":null,"name":"Livro PHP 3","author":"Ciclano"} []
[2018-09-05 00:16:44] books-microservice.INFO: Book Created! {"id":null,"name":"Livro PHP 3","author":"Ciclano"} []
[2018-09-05 00:19:38] books-microservice.INFO: Book Created! {"id":null,"name":"Livro PHP 7.2","author":"Fulano"} []
[2018-09-05 01:18:43] books-microservice.INFO: Book Created! {"id":null,"name":"Livro PHP","author":"Ciclano"} []
[2018-09-05 01:25:07] books-microservice.INFO: Book Created! {"id":null,"name":"Livro Excel","author":"Fulando"} []
[2018-09-05 11:18:32] books-microservice.WARNING: Book 16 not Found [] []
[2018-09-05 11:27:51] books-microservice.WARNING: Book 16 not Found [] []
[2018-09-05 11:28:50] books-microservice.WARNING: Book 16 not Found [] []
[2018-09-05 11:29:39] books-microservice.WARNING: Book 16 not Found [] []
[2018-09-05 11:30:38] books-microservice.WARNING: Book 15 not Found [] []
[2018-09-05 11:33:06] books-microservice.WARNING: Book 14 Not Found [] []
[2018-09-05 11:18:32] books-microservice.WARNING: Book 16 not Found [] []
[2018-09-05 11:27:51] books-microservice.WARNING: Book 16 not Found [] []
[2018-09-05 11:28:50] books-microservice.WARNING: Book 16 not Found [] []
[2018-09-05 11:29:39] books-microservice.WARNING: Book 16 not Found [] []
[2018-09-05 11:30:38] books-microservice.WARNING: Book 15 not Found [] []
[2018-09-05 11:33:06] books-microservice.WARNING: Book 14 Not Found [] []
[2018-09-21 01:12:06] books-microservice.INFO: Book Created! {"id":null,"name":"Livro teste","author":"TESTE"} []
[2018-09-21 01:25:14] books-microservice.INFO: Ticket Created! [] []
[2018-09-21 01:26:17] books-microservice.INFO: Ticket Created! [] []
[2018-09-21 01:33:40] books-microservice.INFO: Book Created! {"id":null,"name":"Novo Livro teste","author":"Teste"} []
[2018-09-21 01:35:27] books-microservice.INFO: Ticket Created! [] []
[2018-09-21 01:38:55] books-microservice.INFO: Ticket Created! {"id":null,"cod":"1112","old":"","program":"SGU2.0","name_program":"CAD443","template":null,"department":"Cadastro","subject":"MIF046 - Ajustar emissuetas do beneficiário "} []
[2018-09-21 01:44:13] books-microservice.INFO: Ticket Created! {"id":null,"cod":"1113","old":"","program":"SGU2.0","name_program":"CAD443","template":null,"department":"Cadastro","subject":"MIF046 - Ajustar emissão de etiquetas cartão "} []
[2018-09-21 02:01:50] books-microservice.INFO: Ticket Created! {"id":null,"cod":"1","old":"","program":"S","name_program":"C3","template":null,"department":"C","subject":"M"} []
[2018-09-21 02:02:11] books-microservice.INFO: Ticket Created! {"id":null,"cod":"1","old":"","program":"S","name_program":"C3","template":null,"department":"C","subject":"M "} []
[2018-09-21 02:02:21] books-microservice.INFO: Ticket Created! {"id":null,"cod":"1","old":"","program":"S.","name_program":"C3","template":null,"department":"C","subject":"M "} []
[2018-09-21 02:02:48] books-microservice.INFO: Ticket Created! {"id":null,"cod":"1113","old":"","program":"SGU2.0","name_program":"CAD443","template":null,"department":"Cadastro","subject":"MIF046 "} []
[2018-09-21 02:02:55] books-microservice.INFO: Ticket Created! {"id":null,"cod":"1113","old":"","program":"SGU2.0","name_program":"CAD443","template":null,"department":"Cadastro","subject":"MIF046 - "} []
[2018-09-21 02:03:14] books-microservice.INFO: Ticket Created! {"id":null,"cod":"1113","old":"","program":"SGU2.0","name_program":"CAD443","template":null,"department":"Cadastro","subject":"MIF046 - Ajustar emissao de etiquetas cartao"} []
[2018-09-21 02:38:31] books-microservice.INFO: Ticket Created! {"id":null,"cod":"1113","old":"","program":"SGU2.0","name_program":"CAD443","template":null,"department":"Cadastro","subject":"MIF046 - Ajustar emissao de etiquetas cartao"} []
[2018-09-21 03:05:15] books-microservice.INFO: Ticket Created! {"id":null,"cod":"1113","old":"","program":"SGU2.0","name_program":"CAD443","template":null,"department":"Cadastro","subject":"MIF046 - Ajustar emiss\u00e3 de etiquetas cart\u00e3 "} []
[2018-09-21 03:19:01] books-microservice.INFO: Ticket Created! {"id":null,"cod":"1112","old":"","program":"SGU2.0","name_program":"CAD443","template":null,"department":"Cadastro","subject":"MIF046 - Ajustar emissão de etiquetas do beneficiário "} []
[2018-09-21 03:51:41] books-microservice.INFO: Ticket Created! {"id":null,"cod":"1112","old":"","program":"SGU2.0","template":"CAD443","department":"Cadastro","subject":"MIF046 - Ajustar emissão de etiquetas do beneficiário "} []
[2018-09-21 04:39:53] microservice.INFO: Ticket Created! {"id":null,"cod":"1113","old":"","program":"SGU2.0","template":"CAD443","department":"Cadastro","subject":"MIF046 - Ajustar emissão de etiquetas cartão "} []
